<?xml version="1.0" encoding="UTF-8"?>
<!-- Generated by org.testng.reporters.JUnitReportReporter -->
<testsuite hostname="karima-hp" failures="0" tests="1" name="Demo1.Test2" time="0.001" errors="0" timestamp="2024-06-01T11:42:26 EDT" skipped="0">
  <testcase classname="Demo1.Test2" name="Demo1" time="0.001"/>
  <system-out/>
</testsuite> <!-- Demo1.Test2 -->
